<?xml version="1.0" encoding="UTF-8"?>
<!-- Generated by org.testng.reporters.JUnitReportReporter -->
<testsuite hostname="LAPTOP-67KLCFTP" failures="0" tests="1" name="runners.TestRunner" time="215.389" errors="0" timestamp="2022-04-18T10:28:10 IST" skipped="0">
  <testcase classname="runners.TestRunner" name="runScenario" time="215.389"/>
  <system-out/>
</testsuite> <!-- runners.TestRunner -->
